<?xml version="1.0" encoding="UTF-8"?>
<testsuite xmlns:xsi="http://www.w3.org/2001/XMLSchema-instance" xsi:noNamespaceSchemaLocation="https://maven.apache.org/surefire/maven-surefire-plugin/xsd/surefire-test-report.xsd" version="3.0.1" name="com.mycompany.app.GameTest" time="0.293" tests="19" errors="0" skipped="0" failures="0">
  <properties>
[...]
</properties>
  <testcase name="testCheckStateOWinVertical" classname="com.mycompany.app.GameTest" time="0.047"/>
  <testcase name="testUtilityPrintArrayList" classname="com.mycompany.app.GameTest" time="0.005">
    <system-out><![CDATA[
1-3-5-7-
]]></system-out>
  </testcase>
  <testcase name="testEmptyBoard" classname="com.mycompany.app.GameTest" time="0.001"/>
  <testcase name="testCheckStateDraw" classname="com.mycompany.app.GameTest" time="0.001"/>
  <testcase name="testUtilityPrintIntArray" classname="com.mycompany.app.GameTest" time="0.003">
    <system-out><![CDATA[
1-2-3-4-5-6-7-8-9-

0-0-0-0-0-0-0-0-0-
]]></system-out>
  </testcase>
  <testcase name="testSymbolSwitch" classname="com.mycompany.app.GameTest" time="0.001"/>
  <testcase name="testGenerateMoves" classname="com.mycompany.app.GameTest" time="0.002"/>
  <testcase name="testTicTacToeCell" classname="com.mycompany.app.GameTest" time="0.095"/>
  <testcase name="testCheckStateXWinHorizontal" classname="com.mycompany.app.GameTest" time="0.001"/>
  <testcase name="testUtilityPrintEmptyArrays" classname="com.mycompany.app.GameTest" time="0.004">
    <system-out><![CDATA[
 - - - - - - - - -

0-0-0-0-0-0-0-0-0-


]]></system-out>
  </testcase>
  <testcase name="testEvaluatePositionOWin" classname="com.mycompany.app.GameTest" time="0.001"/>
  <testcase name="testEvaluatePositionXWin" classname="com.mycompany.app.GameTest" time="0.001"/>
  <testcase name="testMaxMove" classname="com.mycompany.app.GameTest" time="0.01"/>
  <testcase name="testInitialState" classname="com.mycompany.app.GameTest" time="0.0"/>
  <testcase name="testMinMove" classname="com.mycompany.app.GameTest" time="0.007"/>
  <testcase name="testMiniMax" classname="com.mycompany.app.GameTest" time="0.051">
    <system-out><![CDATA[
minimax:   1(0) 
minimax:   2(0) 
minimax:   3(0) 
minimax:   4(0) 
minimax:   5(0) 
minimax:   6(0) 
minimax:   7(0) 
minimax:   8(0) 
minimax:   9(0) 
minimax best:   7(0) Steps counted: 294777]]></system-out>
  </testcase>
  <testcase name="testCheckStateXWinDiagonal" classname="com.mycompany.app.GameTest" time="0.001"/>
  <testcase name="testUtilityPrintCharArray" classname="com.mycompany.app.GameTest" time="0.002">
    <system-out><![CDATA[
X-O-X- -O- -X- - -
]]></system-out>
  </testcase>
  <testcase name="testUtilityPrint" classname="com.mycompany.app.GameTest" time="0.002">
    <system-out><![CDATA[
X-O-X- - - - - - -
]]></system-out>
  </testcase>
</testsuite>